TN:
SF:src/index.ts
FN:23,(anonymous_1)
FN:26,(anonymous_2)
FN:30,(anonymous_3)
FN:35,(anonymous_4)
FN:36,(anonymous_5)
FN:45,(anonymous_6)
FN:60,(anonymous_7)
FN:61,(anonymous_8)
FN:67,(anonymous_9)
FN:70,(anonymous_10)
FN:76,(anonymous_11)
FN:87,(anonymous_12)
FN:91,(anonymous_13)
FNF:13
FNH:3
FNDA:0,(anonymous_1)
FNDA:1,(anonymous_2)
FNDA:0,(anonymous_3)
FNDA:0,(anonymous_4)
FNDA:0,(anonymous_5)
FNDA:1,(anonymous_6)
FNDA:0,(anonymous_7)
FNDA:0,(anonymous_8)
FNDA:0,(anonymous_9)
FNDA:0,(anonymous_10)
FNDA:0,(anonymous_11)
FNDA:1,(anonymous_12)
FNDA:0,(anonymous_13)
DA:1,1
DA:2,1
DA:3,1
DA:5,1
DA:14,1
DA:15,1
DA:17,1
DA:23,1
DA:24,0
DA:26,1
DA:27,1
DA:28,1
DA:29,0
DA:30,0
DA:33,1
DA:35,1
DA:36,0
DA:38,0
DA:39,0
DA:40,0
DA:42,0
DA:45,1
DA:46,1
DA:47,0
DA:48,0
DA:50,1
DA:54,1
DA:56,1
DA:60,1
DA:61,0
DA:62,0
DA:63,0
DA:64,0
DA:67,0
DA:68,0
DA:70,1
DA:71,0
DA:72,0
DA:73,0
DA:76,0
DA:78,0
DA:79,0
DA:80,0
DA:82,0
DA:83,0
DA:87,1
DA:88,1
DA:89,1
DA:91,1
DA:92,0
LF:50
LH:24
BRDA:28,0,0,0
BRDA:38,1,0,0
BRDA:38,1,1,0
BRDA:46,2,0,0
BRDA:62,3,0,0
BRDA:71,4,0,0
BRDA:78,5,0,0
BRDA:78,5,1,0
BRF:8
BRH:0
end_of_record
